TN:
SF:src/App.tsx
FN:17,App
FNF:1
FNH:1
FNDA:192,App
DA:18,192
LF:1
LH:1
BRF:0
BRH:0
end_of_record
TN:
SF:src/components/empresas/EmpresaAvatar.tsx
FN:12,getColorIndex
FN:20,getInitials
FN:25,(anonymous_2)
FN:33,EmpresaAvatar
FNF:4
FNH:4
FNDA:414,getColorIndex
FNDA:414,getInitials
FNDA:828,(anonymous_2)
FNDA:414,EmpresaAvatar
DA:1,192
DA:13,414
DA:14,414
DA:15,6003
DA:17,414
DA:21,414
DA:25,828
DA:34,414
DA:35,414
DA:37,414
LF:10
LH:10
BRDA:25,0,0,828
BRDA:25,0,1,0
BRF:2
BRH:1
end_of_record
TN:
SF:src/components/empresas/EmpresaRow.tsx
FN:13,EmpresaRow
FN:43,(anonymous_1)
FNF:2
FNH:2
FNDA:394,EmpresaRow
FNDA:28,(anonymous_1)
DA:43,28
LF:1
LH:1
BRDA:32,0,0,394
BRDA:32,0,1,394
BRDA:35,1,0,394
BRDA:35,1,1,393
BRF:4
BRH:4
end_of_record
TN:
SF:src/components/empresas/EmpresasTable.tsx
FN:19,EmpresasTable
FN:38,(anonymous_1)
FN:49,(anonymous_2)
FNF:3
FNH:3
FNDA:197,EmpresasTable
FNDA:1379,(anonymous_1)
FNDA:394,(anonymous_2)
DA:4,192
DA:20,197
DA:33,197
DA:39,1379
DA:50,394
LF:5
LH:5
BRDA:20,0,0,0
BRF:1
BRH:0
end_of_record
TN:
SF:src/components/empresas/EstadoBadge.tsx
FN:5,EstadoBadge
FNF:1
FNH:1
FNDA:414,EstadoBadge
LF:0
LH:0
BRDA:7,0,0,403
BRF:1
BRH:1
end_of_record
TN:
SF:src/components/empresas/ModulosDots.tsx
FN:18,ModulosDots
FN:20,(anonymous_1)
FN:20,(anonymous_2)
FN:28,(anonymous_3)
FNF:4
FNH:4
FNDA:414,ModulosDots
FNDA:33,(anonymous_1)
FNDA:33,(anonymous_2)
FNDA:3312,(anonymous_3)
DA:3,192
DA:19,414
DA:20,33
DA:23,414
DA:29,3312
LF:5
LH:5
BRDA:20,0,0,414
BRDA:20,0,1,392
BRDA:33,1,0,33
BRDA:33,1,1,3279
BRF:4
BRH:4
end_of_record
TN:
SF:src/components/empresas/PlanBadge.tsx
FN:33,PlanBadge
FNF:1
FNH:1
FNDA:414,PlanBadge
DA:8,192
DA:34,414
LF:2
LH:2
BRDA:34,0,0,414
BRDA:34,0,1,0
BRF:2
BRH:1
end_of_record
TN:
SF:src/components/layout/InactivityMonitor.tsx
FN:14,InactivityMonitor
FN:20,(anonymous_1)
FN:30,(anonymous_2)
FN:33,(anonymous_3)
FN:39,(anonymous_4)
FN:44,(anonymous_5)
FN:51,(anonymous_6)
FN:56,(anonymous_7)
FNF:8
FNH:4
FNDA:382,InactivityMonitor
FNDA:194,(anonymous_1)
FNDA:46,(anonymous_2)
FNDA:114,(anonymous_3)
FNDA:0,(anonymous_4)
FNDA:0,(anonymous_5)
FNDA:0,(anonymous_6)
FNDA:0,(anonymous_7)
DA:7,192
DA:15,382
DA:16,382
DA:17,382
DA:20,382
DA:21,194
DA:22,30
DA:23,30
DA:26,164
DA:28,164
DA:31,46
DA:36,114
DA:39,164
DA:40,0
DA:44,382
DA:45,0
DA:46,0
DA:49,382
DA:51,0
DA:56,382
DA:57,0
DA:58,0
DA:61,382
LF:23
LH:17
BRDA:21,0,0,30
BRDA:31,1,0,46
BRDA:36,2,0,114
BRDA:50,3,0,382
BRDA:50,3,1,268
BRDA:53,4,0,382
BRDA:53,4,1,324
BRF:7
BRH:7
end_of_record
TN:
SF:src/components/layout/InactivityWarningModal.tsx
FN:10,InactivityWarningModal
FNF:1
FNH:1
FNDA:372,InactivityWarningModal
DA:14,372
DA:16,0
LF:2
LH:1
BRDA:14,0,0,372
BRF:1
BRH:1
end_of_record
TN:
SF:src/components/layout/Layout.tsx
FN:12,Layout
FN:28,(anonymous_1)
FN:35,(anonymous_2)
FNF:3
FNH:2
FNDA:664,Layout
FNDA:0,(anonymous_1)
FNDA:1328,(anonymous_2)
DA:13,664
DA:14,664
DA:15,664
DA:17,664
DA:28,0
DA:36,1328
LF:6
LH:5
BRDA:21,0,0,664
BRDA:21,0,1,664
BRDA:37,1,0,1328
BRDA:37,1,1,664
BRDA:45,2,0,664
BRDA:45,2,1,664
BRDA:68,3,0,0
BRDA:68,3,1,664
BRDA:86,4,0,664
BRDA:86,4,1,0
BRDA:91,5,0,664
BRDA:91,5,1,0
BRDA:95,6,0,664
BRDA:95,6,1,0
BRF:14
BRH:10
end_of_record
TN:
SF:src/components/layout/ProtectedRoute.tsx
FN:10,ProtectedRoute
FNF:1
FNH:1
FNDA:165,ProtectedRoute
DA:14,165
DA:16,165
DA:17,0
DA:24,165
DA:25,0
DA:29,165
DA:31,165
DA:32,0
DA:47,165
LF:9
LH:6
BRDA:16,0,0,0
BRDA:24,1,0,0
BRDA:29,2,0,165
BRDA:29,2,1,155
BRDA:29,3,0,155
BRDA:29,3,1,0
BRDA:31,4,0,0
BRF:7
BRH:3
end_of_record
TN:
SF:src/components/layout/Sidebar.tsx
FN:18,Sidebar
FN:38,(anonymous_1)
FN:39,loadCounts
FN:101,(anonymous_3)
FN:109,(anonymous_4)
FNF:5
FNH:4
FNDA:700,Sidebar
FNDA:165,(anonymous_1)
FNDA:165,loadCounts
FNDA:3476,(anonymous_3)
FNDA:0,(anonymous_4)
DA:19,700
DA:20,700
DA:21,700
DA:23,700
DA:24,700
DA:25,700
DA:26,700
DA:27,700
DA:28,700
DA:29,700
DA:31,700
DA:38,700
DA:40,165
DA:42,165
DA:50,45
DA:59,116
DA:63,165
DA:65,700
DA:102,3476
DA:103,3476
DA:105,3476
DA:109,0
LF:22
LH:21
BRDA:26,0,0,700
BRDA:26,0,1,8
BRDA:29,1,0,700
BRDA:29,1,1,8
BRDA:43,2,0,163
BRDA:43,2,1,2
BRDA:44,3,0,165
BRDA:44,3,1,0
BRDA:46,4,0,163
BRDA:46,4,1,2
BRDA:47,5,0,165
BRDA:47,5,1,0
BRDA:52,6,0,45
BRDA:52,6,1,0
BRDA:52,6,2,0
BRDA:53,7,0,45
BRDA:53,7,1,0
BRDA:53,7,2,0
BRDA:55,8,0,45
BRDA:55,8,1,0
BRDA:56,9,0,45
BRDA:56,9,1,45
BRDA:66,10,0,692
BRDA:66,10,1,8
BRDA:69,11,0,692
BRDA:69,11,1,8
BRDA:72,12,0,700
BRDA:72,12,1,0
BRDA:75,13,0,692
BRDA:75,13,1,8
BRDA:78,14,0,700
BRDA:78,14,1,0
BRDA:91,15,0,700
BRDA:91,15,1,0
BRDA:111,16,0,700
BRDA:111,16,1,2776
BRDA:121,17,0,3476
BRDA:121,17,1,2784
BRDA:124,18,0,658
BRDA:124,18,1,2126
BRDA:142,19,0,700
BRDA:142,19,1,0
BRDA:146,20,0,700
BRDA:146,20,1,0
BRDA:149,21,0,700
BRDA:149,21,1,0
BRF:46
BRH:33
end_of_record
TN:
SF:src/components/ui/Button.tsx
FN:7,Button
FNF:1
FNH:1
FNDA:785,Button
DA:14,785
LF:1
LH:1
BRDA:8,0,0,666
BRDA:11,1,0,119
BRDA:16,2,0,785
BRDA:16,2,1,785
BRDA:20,3,0,16
BRDA:20,3,1,769
BRF:6
BRH:6
end_of_record
TN:
SF:src/components/ui/Combobox.tsx
FN:23,Combobox
FN:42,(anonymous_1)
FN:47,(anonymous_2)
FN:50,(anonymous_3)
FN:57,(anonymous_4)
FN:63,(anonymous_5)
FN:71,(anonymous_6)
FN:79,(anonymous_7)
FN:82,(anonymous_8)
FN:92,(anonymous_9)
FN:98,(anonymous_10)
FN:99,(anonymous_11)
FN:107,(anonymous_12)
FN:129,(anonymous_13)
FN:163,(anonymous_14)
FN:168,(anonymous_15)
FN:169,(anonymous_16)
FNF:17
FNH:7
FNDA:379,Combobox
FNDA:107,(anonymous_1)
FNDA:425458,(anonymous_2)
FNDA:0,(anonymous_3)
FNDA:0,(anonymous_4)
FNDA:0,(anonymous_5)
FNDA:0,(anonymous_6)
FNDA:0,(anonymous_7)
FNDA:0,(anonymous_8)
FNDA:102,(anonymous_9)
FNDA:107,(anonymous_10)
FNDA:78,(anonymous_11)
FNDA:19,(anonymous_12)
FNDA:0,(anonymous_13)
FNDA:0,(anonymous_14)
FNDA:0,(anonymous_15)
FNDA:0,(anonymous_16)
DA:21,192
DA:32,379
DA:33,379
DA:35,379
DA:36,379
DA:37,379
DA:39,379
DA:40,379
DA:42,379
DA:43,107
DA:46,379
DA:47,425458
DA:50,379
DA:51,0
DA:52,0
DA:53,0
DA:54,0
DA:57,379
DA:58,0
DA:59,0
DA:60,0
DA:63,379
DA:64,0
DA:65,0
DA:66,0
DA:68,0
DA:71,379
DA:72,0
DA:73,0
DA:74,0
DA:77,0
DA:78,0
DA:79,0
DA:80,0
DA:81,0
DA:82,0
DA:83,0
DA:84,0
DA:85,0
DA:86,0
DA:87,0
DA:88,0
DA:92,379
DA:93,102
DA:94,0
DA:95,0
DA:98,379
DA:99,107
DA:100,78
DA:101,78
DA:102,78
DA:106,107
DA:107,107
DA:129,0
DA:164,0
DA:168,0
DA:169,0
LF:57
LH:25
BRDA:26,0,0,0
BRDA:33,1,0,379
BRDA:33,1,1,0
BRDA:68,2,0,0
BRDA:72,3,0,0
BRDA:73,4,0,0
BRDA:73,5,0,0
BRDA:73,5,1,0
BRDA:77,6,0,0
BRDA:77,6,1,0
BRDA:80,7,0,0
BRDA:80,7,1,0
BRDA:83,8,0,0
BRDA:83,8,1,0
BRDA:85,9,0,0
BRDA:86,10,0,0
BRDA:93,11,0,102
BRDA:100,12,0,78
BRDA:112,13,0,379
BRDA:112,13,1,379
BRDA:132,14,0,0
BRDA:132,14,1,379
BRDA:137,15,0,10
BRDA:137,15,1,369
BRDA:137,16,0,379
BRDA:137,16,1,10
BRDA:152,17,0,379
BRDA:152,17,1,0
BRDA:158,18,0,0
BRDA:158,18,1,0
BRDA:171,19,0,0
BRDA:171,19,1,0
BRDA:173,20,0,0
BRDA:173,20,1,0
BRDA:186,21,0,379
BRDA:186,21,1,0
BRF:36
BRH:12
end_of_record
TN:
SF:src/components/ui/Input.tsx
FN:9,(anonymous_0)
FNF:1
FNH:1
FNDA:2465,(anonymous_0)
DA:9,192
DA:40,192
LF:2
LH:2
BRDA:10,0,0,2294
BRDA:13,1,0,2465
BRDA:13,1,1,2294
BRDA:24,2,0,52
BRDA:24,2,1,2413
BRDA:25,3,0,122
BRDA:25,3,1,2343
BRDA:28,4,0,2465
BRDA:28,4,1,122
BRDA:34,5,0,2465
BRDA:34,5,1,52
BRF:11
BRH:11
end_of_record
TN:
SF:src/components/ui/Modal.tsx
FN:11,Modal
FN:12,(anonymous_1)
FN:15,(anonymous_2)
FN:20,(anonymous_3)
FNF:4
FNH:4
FNDA:595,Modal
FNDA:535,(anonymous_1)
FNDA:14,(anonymous_2)
FNDA:109,(anonymous_3)
DA:12,595
DA:13,535
DA:15,187
DA:16,14
DA:19,187
DA:20,187
DA:23,595
LF:7
LH:7
BRDA:13,0,0,348
BRDA:16,1,0,2
BRDA:23,2,0,348
BRDA:56,3,0,247
BRDA:56,3,1,247
BRF:5
BRH:5
end_of_record
TN:
SF:src/components/ui/QLLogo.tsx
FN:8,QLLogo
FNF:1
FNH:1
FNDA:250,QLLogo
DA:9,250
DA:10,250
DA:11,250
DA:12,250
DA:13,250
DA:16,250
LF:6
LH:6
BRDA:10,0,0,125
BRDA:10,0,1,125
BRDA:11,1,0,125
BRDA:11,1,1,125
BRDA:12,2,0,125
BRDA:12,2,1,125
BRDA:13,3,0,125
BRDA:13,3,1,125
BRDA:21,4,0,125
BRDA:21,4,1,125
BRDA:27,5,0,125
BRDA:27,5,1,125
BRF:12
BRH:12
end_of_record
TN:
SF:src/components/ui/RadioCard.tsx
FN:9,RadioCard
FN:29,(anonymous_1)
FNF:2
FNH:2
FNDA:939,RadioCard
FNDA:22,(anonymous_1)
DA:29,22
LF:1
LH:1
BRDA:19,0,0,209
BRDA:19,0,1,730
BRF:2
BRH:2
end_of_record
TN:
SF:src/components/ui/SectionHeader.tsx
FN:5,SectionHeader
FNF:1
FNH:1
FNDA:1359,SectionHeader
LF:0
LH:0
BRF:0
BRH:0
end_of_record
TN:
SF:src/components/ui/Select.tsx
FN:14,(anonymous_0)
FN:32,(anonymous_1)
FNF:2
FNH:2
FNDA:565,(anonymous_0)
FNDA:4450,(anonymous_1)
DA:14,192
DA:33,4450
DA:44,192
LF:3
LH:3
BRDA:15,0,0,400
BRDA:18,1,0,565
BRDA:18,1,1,400
BRDA:28,2,0,4
BRDA:28,2,1,561
BRDA:38,3,0,565
BRDA:38,3,1,4
BRF:7
BRH:7
end_of_record
TN:
SF:src/components/ui/Toggle.tsx
FN:8,Toggle
FN:16,(anonymous_1)
FNF:2
FNH:2
FNDA:105,Toggle
FNDA:2,(anonymous_1)
DA:16,2
LF:1
LH:1
BRDA:18,0,0,75
BRDA:18,0,1,30
BRDA:23,1,0,75
BRDA:23,1,1,30
BRDA:28,2,0,105
BRDA:28,2,1,105
BRF:6
BRH:6
end_of_record
TN:
SF:src/context/AuthContext.tsx
FN:30,getStoredUser
FN:39,getStoredRefreshToken
FN:54,storeRefreshToken
FN:64,clearRefreshToken
FN:69,AuthProvider
FN:70,(anonymous_5)
FN:73,(anonymous_6)
FN:77,(anonymous_7)
FN:81,(anonymous_8)
FN:90,(anonymous_9)
FN:109,(anonymous_10)
FN:127,(anonymous_11)
FN:161,(anonymous_12)
FNF:13
FNH:10
FNDA:192,getStoredUser
FNDA:30,getStoredRefreshToken
FNDA:2,storeRefreshToken
FNDA:0,clearRefreshToken
FNDA:212,AuthProvider
FNDA:192,(anonymous_5)
FNDA:192,(anonymous_6)
FNDA:192,(anonymous_7)
FNDA:192,(anonymous_8)
FNDA:0,(anonymous_9)
FNDA:10,(anonymous_10)
FNDA:0,(anonymous_11)
FNDA:382,(anonymous_12)
DA:22,192
DA:26,192
DA:27,192
DA:28,192
DA:31,192
DA:32,192
DA:43,30
DA:44,30
DA:46,30
DA:47,30
DA:49,30
DA:55,2
DA:56,0
DA:57,0
DA:59,2
DA:60,2
DA:65,0
DA:66,0
DA:70,212
DA:71,192
DA:73,212
DA:74,212
DA:77,212
DA:78,192
DA:81,212
DA:82,192
DA:84,0
DA:85,0
DA:86,0
DA:87,0
DA:90,0
DA:91,0
DA:92,0
DA:93,0
DA:94,0
DA:95,0
DA:97,0
DA:98,0
DA:99,0
DA:100,0
DA:101,0
DA:102,0
DA:104,0
DA:109,212
DA:114,10
DA:115,10
DA:116,10
DA:117,2
DA:118,2
DA:119,2
DA:120,2
DA:121,2
DA:123,10
DA:127,212
DA:128,0
DA:130,0
DA:132,0
DA:135,0
DA:136,0
DA:137,0
DA:138,0
DA:139,0
DA:140,0
DA:144,212
DA:161,192
DA:162,382
DA:163,382
DA:164,0
DA:166,382
LF:69
LH:38
BRDA:32,0,0,162
BRDA:32,0,1,30
BRDA:44,1,0,0
BRDA:47,2,0,0
BRDA:55,3,0,0
BRDA:55,3,1,2
BRDA:78,4,0,192
BRDA:78,4,1,30
BRDA:82,5,0,192
BRDA:85,6,0,0
BRDA:119,7,0,0
BRDA:119,7,1,2
BRDA:163,8,0,0
BRF:13
BRH:7
end_of_record
TN:
SF:src/context/ThemeContext.tsx
FN:16,getStoredTheme
FN:21,getSystemTheme
FN:27,ThemeProvider
FN:28,(anonymous_3)
FN:32,(anonymous_4)
FN:36,(anonymous_5)
FN:41,(anonymous_6)
FN:46,(anonymous_7)
FN:49,(anonymous_8)
FN:50,(anonymous_9)
FNF:10
FNH:6
FNDA:384,getStoredTheme
FNDA:192,getSystemTheme
FNDA:192,ThemeProvider
FNDA:192,(anonymous_3)
FNDA:192,(anonymous_4)
FNDA:192,(anonymous_5)
FNDA:0,(anonymous_6)
FNDA:0,(anonymous_7)
FNDA:0,(anonymous_8)
FNDA:0,(anonymous_9)
DA:10,192
DA:14,192
DA:17,384
DA:18,384
DA:22,192
DA:28,192
DA:29,192
DA:32,192
DA:33,192
DA:36,192
DA:38,192
DA:40,192
DA:41,192
DA:42,0
DA:45,192
DA:46,192
DA:49,192
DA:50,0
DA:51,0
DA:52,0
DA:53,0
DA:57,192
LF:22
LH:17
BRDA:18,0,0,0
BRDA:18,0,1,384
BRDA:18,1,0,384
BRDA:18,1,1,384
BRDA:22,2,0,0
BRDA:22,2,1,192
BRDA:29,3,0,192
BRDA:29,3,1,192
BRDA:38,4,0,0
BRDA:42,5,0,0
BRDA:42,5,1,0
BRDA:51,6,0,0
BRDA:51,6,1,0
BRF:13
BRH:6
end_of_record
TN:
SF:src/data/localidades-argentina.ts
FN:20598,(anonymous_0)
FNF:1
FNH:1
FNDA:4416,(anonymous_0)
DA:3,192
DA:20598,192
DA:20599,4416
LF:3
LH:3
BRF:0
BRH:0
end_of_record
TN:
SF:src/hooks/useAuth.ts
FN:4,useAuth
FNF:1
FNH:1
FNDA:2122,useAuth
DA:5,2122
DA:6,2122
DA:7,0
DA:9,2122
LF:4
LH:3
BRDA:6,0,0,0
BRF:1
BRH:0
end_of_record
TN:
SF:src/hooks/useDashboard.ts
FN:49,useDashboard
FN:73,(anonymous_1)
FN:74,(anonymous_2)
FN:86,(anonymous_3)
FN:87,(anonymous_4)
FN:91,(anonymous_5)
FN:93,(anonymous_6)
FN:95,(anonymous_7)
FN:101,(anonymous_8)
FN:102,(anonymous_9)
FN:114,(anonymous_10)
FN:115,(anonymous_11)
FN:117,(anonymous_12)
FN:118,(anonymous_13)
FN:121,(anonymous_14)
FN:125,(anonymous_15)
FNF:16
FNH:16
FNDA:35,useDashboard
FNDA:20,(anonymous_1)
FNDA:20,(anonymous_2)
FNDA:22,(anonymous_3)
FNDA:24,(anonymous_4)
FNDA:20,(anonymous_5)
FNDA:20,(anonymous_6)
FNDA:30,(anonymous_7)
FNDA:28,(anonymous_8)
FNDA:28,(anonymous_9)
FNDA:20,(anonymous_10)
FNDA:160,(anonymous_11)
FNDA:160,(anonymous_12)
FNDA:230,(anonymous_13)
FNDA:260,(anonymous_14)
FNDA:2,(anonymous_15)
DA:8,192
DA:55,35
DA:62,35
DA:69,35
DA:71,35
DA:73,35
DA:74,20
DA:82,35
DA:84,35
DA:86,35
DA:87,24
DA:91,35
DA:92,20
DA:93,10
DA:95,30
DA:98,10
DA:101,35
DA:102,28
DA:114,35
DA:115,160
DA:118,230
DA:121,260
DA:125,35
DA:126,2
DA:129,35
LF:25
LH:25
BRDA:92,0,0,10
BRDA:95,1,0,20
BRDA:95,1,1,0
BRDA:108,2,0,8
BRDA:108,2,1,20
BRDA:118,3,0,230
BRDA:118,3,1,30
BRDA:130,4,0,35
BRDA:130,4,1,19
BRDA:130,4,2,15
BRDA:131,5,0,35
BRDA:131,5,1,31
BRDA:131,5,2,31
BRF:13
BRH:12
end_of_record
TN:
SF:src/hooks/useEmpresas.ts
FN:34,useEmpresas
FN:48,(anonymous_1)
FN:92,(anonymous_2)
FN:96,(anonymous_3)
FN:100,(anonymous_4)
FN:110,(anonymous_5)
FN:113,(anonymous_6)
FNF:7
FNH:7
FNDA:664,useEmpresas
FNDA:178,(anonymous_1)
FNDA:173,(anonymous_2)
FNDA:173,(anonymous_3)
FNDA:12,(anonymous_4)
FNDA:10,(anonymous_5)
FNDA:10,(anonymous_6)
DA:35,664
DA:36,664
DA:37,664
DA:38,664
DA:39,664
DA:40,664
DA:41,664
DA:43,664
DA:44,664
DA:45,664
DA:46,664
DA:48,664
DA:49,178
DA:50,178
DA:54,178
DA:55,2
DA:56,2
DA:57,2
DA:58,2
DA:60,0
DA:62,2
DA:64,2
DA:67,176
DA:68,176
DA:69,176
DA:70,176
DA:72,176
DA:73,176
DA:82,167
DA:83,167
DA:85,2
DA:87,169
DA:92,664
DA:93,173
DA:96,664
DA:97,173
DA:100,664
DA:101,12
DA:102,12
DA:103,12
DA:104,2
DA:106,9
DA:110,664
DA:111,10
DA:112,10
DA:113,10
DA:114,10
DA:116,1
DA:117,0
DA:118,0
DA:120,1
DA:122,7
DA:126,664
LF:53
LH:50
BRDA:34,0,0,312
BRDA:54,1,0,2
BRDA:76,2,0,172
BRDA:76,2,1,4
BRDA:76,3,0,176
BRDA:76,3,1,174
BRDA:76,4,0,172
BRDA:76,4,1,170
BRDA:77,5,0,2
BRDA:77,5,1,174
BRDA:78,6,0,2
BRDA:78,6,1,174
BRDA:79,7,0,0
BRDA:79,7,1,176
BRDA:79,8,0,2
BRDA:79,8,1,174
BRDA:116,9,0,0
BRDA:116,10,0,1
BRDA:116,10,1,1
BRDA:117,11,0,0
BRDA:117,11,1,0
BRF:21
BRH:17
end_of_record
TN:
SF:src/hooks/useInactivityTimer.ts
FN:25,useInactivityTimer
FN:40,(anonymous_1)
FN:45,(anonymous_2)
FN:50,(anonymous_3)
FN:58,(anonymous_4)
FN:62,(anonymous_5)
FN:68,(anonymous_6)
FN:76,(anonymous_7)
FN:80,(anonymous_8)
FN:82,(anonymous_9)
FNF:10
FNH:6
FNDA:382,useInactivityTimer
FNDA:372,(anonymous_1)
FNDA:854,(anonymous_2)
FNDA:662,(anonymous_3)
FNDA:0,(anonymous_4)
FNDA:0,(anonymous_5)
FNDA:352,(anonymous_6)
FNDA:800,(anonymous_7)
FNDA:0,(anonymous_8)
FNDA:0,(anonymous_9)
DA:3,192
DA:5,192
DA:31,382
DA:32,382
DA:37,382
DA:38,382
DA:40,382
DA:41,372
DA:42,372
DA:45,382
DA:46,854
DA:47,854
DA:50,382
DA:51,662
DA:53,662
DA:55,662
DA:56,662
DA:58,662
DA:59,0
DA:62,662
DA:63,0
DA:68,382
DA:69,352
DA:70,192
DA:71,192
DA:74,160
DA:76,160
DA:77,800
DA:80,160
DA:81,0
DA:82,0
DA:83,0
DA:88,382
LF:33
LH:28
BRDA:46,0,0,502
BRDA:47,1,0,502
BRDA:53,2,0,0
BRDA:69,3,0,192
BRF:4
BRH:3
end_of_record
TN:
SF:src/hooks/usePlanes.ts
FN:17,usePlanes
FN:24,(anonymous_1)
FN:37,(anonymous_2)
FN:42,(anonymous_3)
FN:55,(anonymous_4)
FN:68,(anonymous_5)
FNF:6
FNH:3
FNDA:35,usePlanes
FNDA:12,(anonymous_1)
FNDA:10,(anonymous_2)
FNDA:0,(anonymous_3)
FNDA:0,(anonymous_4)
FNDA:0,(anonymous_5)
DA:18,35
DA:19,35
DA:20,35
DA:21,35
DA:22,35
DA:24,35
DA:25,12
DA:26,12
DA:27,12
DA:28,12
DA:29,12
DA:31,0
DA:33,12
DA:37,35
DA:38,10
DA:41,35
DA:43,0
DA:44,0
DA:45,0
DA:46,0
DA:48,0
DA:54,35
DA:56,0
DA:57,0
DA:58,0
DA:59,0
DA:61,0
DA:67,35
DA:69,0
DA:70,0
DA:75,35
LF:31
LH:18
BRF:0
BRH:0
end_of_record
TN:
SF:src/hooks/useProveedores.ts
FN:34,matchesSearch
FN:45,(anonymous_1)
FN:48,useProveedores
FN:61,(anonymous_3)
FN:65,(anonymous_4)
FN:77,(anonymous_5)
FN:104,(anonymous_6)
FN:109,(anonymous_7)
FN:122,(anonymous_8)
FNF:9
FNH:8
FNDA:4,matchesSearch
FNDA:14,(anonymous_1)
FNDA:181,useProveedores
FNDA:48,(anonymous_3)
FNDA:49,(anonymous_4)
FNDA:4,(anonymous_5)
FNDA:48,(anonymous_6)
FNDA:10,(anonymous_7)
FNDA:0,(anonymous_8)
DA:28,192
DA:32,192
DA:35,4
DA:36,4
DA:37,4
DA:45,14
DA:49,181
DA:50,181
DA:51,181
DA:52,181
DA:53,181
DA:54,181
DA:55,181
DA:57,181
DA:58,181
DA:61,181
DA:62,48
DA:65,181
DA:66,49
DA:67,49
DA:68,49
DA:69,49
DA:72,2
DA:77,4
DA:78,2
DA:79,2
DA:80,2
DA:86,47
DA:91,44
DA:92,44
DA:98,0
DA:100,46
DA:104,181
DA:105,48
DA:108,181
DA:110,10
DA:111,10
DA:112,10
DA:113,1
DA:115,6
DA:121,181
DA:123,0
DA:124,0
DA:125,0
DA:126,0
DA:128,0
DA:134,181
LF:47
LH:41
BRDA:36,0,0,0
BRDA:45,1,0,14
BRDA:45,1,1,0
BRDA:48,2,0,0
BRDA:69,3,0,2
BRDA:69,3,1,47
BRF:6
BRH:3
end_of_record
TN:
SF:src/hooks/useRoles.ts
FN:5,useRoles
FN:10,(anonymous_1)
FN:22,(anonymous_2)
FN:26,(anonymous_3)
FN:28,(anonymous_4)
FN:29,(anonymous_5)
FNF:6
FNH:3
FNDA:171,useRoles
FNDA:40,(anonymous_1)
FNDA:40,(anonymous_2)
FNDA:0,(anonymous_3)
FNDA:0,(anonymous_4)
FNDA:0,(anonymous_5)
DA:6,171
DA:7,171
DA:8,171
DA:10,171
DA:11,40
DA:12,40
DA:13,40
DA:14,36
DA:16,0
DA:18,36
DA:22,171
DA:23,40
DA:26,171
DA:27,0
DA:28,0
DA:29,0
DA:33,171
LF:17
LH:13
BRDA:29,0,0,0
BRDA:29,0,1,0
BRF:2
BRH:0
end_of_record
TN:
SF:src/hooks/useTheme.ts
FN:4,useTheme
FNF:1
FNH:1
FNDA:664,useTheme
DA:5,664
DA:6,664
DA:7,0
DA:9,664
LF:4
LH:3
BRDA:6,0,0,0
BRF:1
BRH:0
end_of_record
TN:
SF:src/hooks/useUsuarios.ts
FN:20,useUsuarios
FN:33,(anonymous_1)
FN:58,(anonymous_2)
FN:62,(anonymous_3)
FN:67,(anonymous_4)
FN:72,(anonymous_5)
FN:82,(anonymous_6)
FN:85,(anonymous_7)
FN:98,(anonymous_8)
FNF:9
FNH:6
FNDA:206,useUsuarios
FNDA:56,(anonymous_1)
FNDA:54,(anonymous_2)
FNDA:2,(anonymous_3)
FNDA:2,(anonymous_4)
FNDA:8,(anonymous_5)
FNDA:0,(anonymous_6)
FNDA:0,(anonymous_7)
FNDA:0,(anonymous_8)
DA:9,192
DA:21,206
DA:22,206
DA:23,206
DA:24,206
DA:25,206
DA:26,206
DA:28,206
DA:29,206
DA:30,206
DA:31,206
DA:33,206
DA:34,56
DA:35,56
DA:37,56
DA:44,56
DA:45,56
DA:46,52
DA:47,52
DA:52,0
DA:54,52
DA:58,206
DA:59,54
DA:62,206
DA:63,2
DA:64,2
DA:67,206
DA:68,2
DA:69,2
DA:72,206
DA:73,8
DA:74,8
DA:75,8
DA:76,0
DA:78,6
DA:82,206
DA:83,0
DA:84,0
DA:85,0
DA:86,0
DA:88,0
DA:89,0
DA:90,0
DA:92,0
DA:94,0
DA:98,206
DA:99,0
DA:100,0
DA:101,0
DA:102,0
DA:104,0
DA:108,206
LF:52
LH:36
BRDA:40,0,0,56
BRDA:40,0,1,2
BRDA:41,1,0,56
BRDA:41,1,1,2
BRDA:88,2,0,0
BRDA:88,3,0,0
BRDA:88,3,1,0
BRDA:89,4,0,0
BRDA:89,4,1,0
BRF:9
BRH:4
end_of_record
TN:
SF:src/pages/Dashboard/DashboardPage.tsx
FN:10,DashboardPage
FN:43,(anonymous_1)
FN:54,(anonymous_2)
FNF:3
FNH:3
FNDA:35,DashboardPage
FNDA:2,(anonymous_1)
FNDA:2,(anonymous_2)
DA:11,35
DA:26,35
DA:43,2
DA:54,2
LF:4
LH:4
BRDA:49,0,0,35
BRDA:62,1,0,23
BRDA:62,1,1,12
BRF:3
BRH:3
end_of_record
TN:
SF:src/pages/Dashboard/components/DistribucionPlanPanel.tsx
FN:7,DistribucionPlanPanel
FN:20,(anonymous_1)
FNF:2
FNH:2
FNDA:12,DistribucionPlanPanel
FNDA:24,(anonymous_1)
DA:21,24
LF:1
LH:1
BRDA:14,0,0,0
BRDA:14,0,1,12
BRDA:38,1,0,24
BRDA:38,1,1,0
BRF:4
BRH:2
end_of_record
TN:
SF:src/pages/Dashboard/components/EmpresasListPanel.tsx
FN:16,EmpresasListPanel
FN:23,(anonymous_1)
FN:42,(anonymous_2)
FN:55,(anonymous_3)
FN:87,(anonymous_4)
FN:87,(anonymous_5)
FN:99,(anonymous_6)
FN:99,(anonymous_7)
FNF:8
FNH:4
FNDA:12,EmpresasListPanel
FNDA:12,(anonymous_1)
FNDA:2,(anonymous_2)
FNDA:20,(anonymous_3)
FNDA:0,(anonymous_4)
FNDA:0,(anonymous_5)
FNDA:0,(anonymous_6)
FNDA:0,(anonymous_7)
DA:10,192
DA:17,12
DA:18,12
DA:20,12
DA:21,12
DA:23,12
DA:25,12
DA:32,12
DA:42,2
DA:56,20
DA:87,0
DA:99,0
LF:12
LH:10
BRDA:49,0,0,2
BRDA:49,0,1,10
BRDA:66,1,0,20
BRDA:66,1,1,10
BRF:4
BRH:4
end_of_record
TN:
SF:src/pages/Dashboard/components/ModulosHabilitadosPanel.tsx
FN:31,ModulosHabilitadosPanel
FN:47,(anonymous_1)
FNF:2
FNH:2
FNDA:12,ModulosHabilitadosPanel
FNDA:48,(anonymous_1)
DA:15,192
DA:48,48
DA:49,48
DA:50,48
LF:4
LH:4
BRDA:41,0,0,0
BRDA:41,0,1,12
BRF:2
BRH:1
end_of_record
TN:
SF:src/pages/Dashboard/components/StatCard.tsx
FN:8,StatCard
FNF:1
FNH:1
FNDA:36,StatCard
LF:0
LH:0
BRF:0
BRH:0
end_of_record
TN:
SF:src/pages/Empresas/EmpresasPage.tsx
FN:14,EmpresasPage
FN:29,(anonymous_1)
FN:47,(anonymous_2)
FN:61,(anonymous_3)
FN:68,(anonymous_4)
FN:72,(anonymous_5)
FN:89,(anonymous_6)
FN:104,(anonymous_7)
FN:112,(anonymous_8)
FN:125,(anonymous_9)
FN:139,(anonymous_10)
FN:146,(anonymous_11)
FNF:12
FNH:9
FNDA:277,EmpresasPage
FNDA:6,(anonymous_1)
FNDA:38,(anonymous_2)
FNDA:6,(anonymous_3)
FNDA:831,(anonymous_4)
FNDA:2,(anonymous_5)
FNDA:0,(anonymous_6)
FNDA:28,(anonymous_7)
FNDA:0,(anonymous_8)
FNDA:0,(anonymous_9)
FNDA:7,(anonymous_10)
FNDA:3,(anonymous_11)
DA:12,192
DA:23,277
DA:25,277
DA:26,277
DA:29,277
DA:30,6
DA:31,6
DA:32,6
DA:47,38
DA:61,6
DA:69,831
DA:72,2
DA:89,0
DA:104,28
DA:112,0
DA:125,0
DA:139,7
DA:146,3
LF:18
LH:15
BRDA:74,0,0,277
BRDA:74,0,1,554
BRDA:86,1,0,277
BRDA:96,2,0,80
BRDA:96,2,1,197
BRDA:120,3,0,197
BRDA:120,3,1,0
BRDA:126,4,0,197
BRDA:126,4,1,0
BRF:9
BRH:7
end_of_record
TN:
SF:src/pages/Empresas/components/EditarEmpresaModal.tsx
FN:22,formatCuit
FN:30,buildDireccion
FN:39,parseDireccion
FN:67,validate
FN:73,empresaToFormValues
FN:94,EditarEmpresaModal
FN:100,(anonymous_6)
FN:107,(anonymous_7)
FN:117,(anonymous_8)
FN:118,(anonymous_9)
FN:120,(anonymous_10)
FN:122,(anonymous_11)
FN:211,(anonymous_12)
FN:212,(anonymous_13)
FN:220,(anonymous_14)
FN:220,(anonymous_15)
FN:250,(anonymous_16)
FN:257,(anonymous_17)
FN:257,(anonymous_18)
FN:268,(anonymous_19)
FN:269,(anonymous_20)
FNF:21
FNH:19
FNDA:8,formatCuit
FNDA:10,buildDireccion
FNDA:99,parseDireccion
FNDA:14,validate
FNDA:99,empresaToFormValues
FNDA:337,EditarEmpresaModal
FNDA:71,(anonymous_6)
FNDA:102,(anonymous_7)
FNDA:420,(anonymous_8)
FNDA:14,(anonymous_9)
FNDA:14,(anonymous_10)
FNDA:14,(anonymous_11)
FNDA:8,(anonymous_12)
FNDA:8,(anonymous_13)
FNDA:0,(anonymous_14)
FNDA:0,(anonymous_15)
FNDA:315,(anonymous_16)
FNDA:4,(anonymous_17)
FNDA:4,(anonymous_18)
FNDA:2,(anonymous_19)
FNDA:2,(anonymous_20)
DA:12,192
DA:19,192
DA:23,8
DA:24,8
DA:25,6
DA:26,6
DA:31,10
DA:40,99
DA:41,0
DA:42,0
DA:43,0
DA:44,0
DA:49,0
DA:68,14
DA:69,14
DA:70,14
DA:74,99
DA:75,99
DA:100,337
DA:101,71
DA:103,337
DA:104,337
DA:107,337
DA:108,102
DA:109,28
DA:110,28
DA:111,28
DA:115,337
DA:117,105
DA:118,420
DA:120,14
DA:122,105
DA:123,14
DA:124,14
DA:126,14
DA:127,14
DA:128,14
DA:130,10
DA:132,10
DA:133,10
DA:145,1
DA:147,6
DA:151,4
DA:156,2
DA:212,8
DA:220,0
DA:251,315
DA:257,4
DA:269,2
LF:49
LH:43
BRDA:24,0,0,2
BRDA:25,1,0,0
BRDA:40,2,0,99
BRDA:43,3,0,0
BRDA:43,4,0,0
BRDA:43,4,1,0
BRDA:69,5,0,4
BRDA:77,6,0,99
BRDA:77,6,1,71
BRDA:78,7,0,99
BRDA:78,7,1,99
BRDA:79,8,0,99
BRDA:79,8,1,99
BRDA:101,9,0,0
BRDA:101,9,1,71
BRDA:108,10,0,28
BRDA:115,11,0,232
BRDA:128,12,0,4
BRDA:137,13,0,10
BRDA:137,13,1,8
BRDA:138,14,0,10
BRDA:138,14,1,2
BRDA:139,15,0,10
BRDA:139,15,1,2
BRDA:140,16,0,10
BRDA:140,16,1,2
BRDA:147,17,0,4
BRDA:147,17,1,2
BRDA:148,18,0,6
BRDA:148,18,1,6
BRDA:148,18,2,4
BRDA:152,19,0,4
BRDA:152,19,1,0
BRDA:181,20,0,11
BRDA:181,20,1,94
BRDA:271,21,0,75
BRDA:271,21,1,30
BRDA:275,22,0,105
BRDA:275,22,1,6
BRF:39
BRH:33
end_of_record
TN:
SF:src/pages/Empresas/components/NuevaEmpresaModal.tsx
FN:11,formatCuit
FN:19,buildDireccion
FN:44,validate
FN:67,NuevaEmpresaModal
FN:77,(anonymous_4)
FN:84,(anonymous_5)
FN:85,(anonymous_6)
FN:86,(anonymous_7)
FN:88,(anonymous_8)
FN:172,(anonymous_9)
FN:173,(anonymous_10)
FN:182,(anonymous_11)
FN:182,(anonymous_12)
FN:214,(anonymous_13)
FN:221,(anonymous_14)
FN:221,(anonymous_15)
FNF:16
FNH:14
FNDA:10,formatCuit
FNDA:12,buildDireccion
FNDA:18,validate
FNDA:319,NuevaEmpresaModal
FNDA:7,(anonymous_4)
FNDA:1276,(anonymous_5)
FNDA:20,(anonymous_6)
FNDA:20,(anonymous_7)
FNDA:18,(anonymous_8)
FNDA:10,(anonymous_9)
FNDA:10,(anonymous_10)
FNDA:0,(anonymous_11)
FNDA:0,(anonymous_12)
FNDA:957,(anonymous_13)
FNDA:6,(anonymous_14)
FNDA:6,(anonymous_15)
DA:12,10
DA:13,10
DA:14,10
DA:15,10
DA:20,12
DA:23,192
DA:45,18
DA:46,18
DA:47,18
DA:50,192
DA:73,319
DA:74,319
DA:75,319
DA:77,319
DA:78,7
DA:79,7
DA:80,7
DA:81,7
DA:84,319
DA:85,1276
DA:86,20
DA:88,319
DA:89,18
DA:90,18
DA:91,18
DA:92,18
DA:94,12
DA:95,12
DA:97,12
DA:98,12
DA:106,1
DA:108,8
DA:112,6
DA:117,2
DA:173,10
DA:182,0
DA:215,957
DA:221,6
LF:38
LH:37
BRDA:13,0,0,0
BRDA:14,1,0,0
BRDA:46,2,0,6
BRDA:92,3,0,6
BRDA:100,4,0,12
BRDA:100,4,1,4
BRDA:101,5,0,12
BRDA:101,5,1,2
BRDA:102,6,0,12
BRDA:102,6,1,2
BRDA:103,7,0,12
BRDA:103,7,1,2
BRDA:108,8,0,6
BRDA:108,8,1,2
BRDA:109,9,0,8
BRDA:109,9,1,8
BRDA:109,9,2,4
BRDA:113,10,0,6
BRDA:113,10,1,0
BRDA:142,11,0,14
BRDA:142,11,1,305
BRDA:227,12,0,319
BRDA:227,12,1,8
BRF:23
BRH:20
end_of_record
TN:
SF:src/pages/Login/ForgotPasswordPage.tsx
FN:10,validateEmail
FN:16,ForgotPasswordPage
FN:23,(anonymous_2)
FN:114,(anonymous_3)
FNF:4
FNH:4
FNDA:8,validateEmail
FNDA:25,ForgotPasswordPage
FNDA:8,(anonymous_2)
FNDA:6,(anonymous_3)
DA:11,8
DA:12,6
DA:13,4
DA:17,25
DA:18,25
DA:19,25
DA:20,25
DA:21,25
DA:23,25
DA:24,8
DA:25,8
DA:27,8
DA:28,8
DA:29,8
DA:31,4
DA:32,4
DA:33,4
DA:34,2
DA:36,2
DA:37,2
DA:39,0
DA:42,4
DA:114,6
LF:23
LH:22
BRDA:11,0,0,2
BRDA:12,1,0,2
BRDA:29,2,0,4
BRDA:36,3,0,2
BRDA:36,3,1,0
BRDA:36,4,0,2
BRDA:36,4,1,2
BRDA:74,5,0,2
BRDA:74,5,1,23
BRDA:119,6,0,23
BRDA:119,6,1,2
BRF:11
BRH:10
end_of_record
TN:
SF:src/pages/Login/LoginPage.tsx
FN:15,validate
FN:33,LoginPage
FN:45,(anonymous_2)
FN:145,(anonymous_3)
FN:156,(anonymous_4)
FN:162,(anonymous_5)
FN:162,(anonymous_6)
FN:178,(anonymous_7)
FNF:8
FNH:7
FNDA:14,validate
FNDA:70,LoginPage
FNDA:14,(anonymous_2)
FNDA:12,(anonymous_3)
FNDA:14,(anonymous_4)
FNDA:2,(anonymous_5)
FNDA:2,(anonymous_6)
FNDA:0,(anonymous_7)
DA:16,14
DA:18,14
DA:19,2
DA:20,12
DA:21,2
DA:24,14
DA:25,2
DA:26,12
DA:27,0
DA:30,14
DA:34,70
DA:35,70
DA:37,70
DA:38,70
DA:39,70
DA:40,70
DA:41,70
DA:42,70
DA:43,70
DA:45,70
DA:46,14
DA:47,14
DA:49,14
DA:50,14
DA:51,14
DA:52,4
DA:55,10
DA:56,10
DA:57,10
DA:58,2
DA:60,8
DA:61,8
DA:63,2
DA:67,6
DA:69,6
DA:71,6
DA:72,6
DA:73,2
DA:76,4
DA:77,2
DA:81,2
DA:83,6
DA:86,0
DA:90,0
DA:95,10
DA:145,12
DA:156,14
DA:162,2
DA:178,0
LF:49
LH:45
BRDA:18,0,0,2
BRDA:18,0,1,12
BRDA:20,1,0,2
BRDA:24,2,0,2
BRDA:24,2,1,12
BRDA:26,3,0,0
BRDA:51,4,0,4
BRDA:60,5,0,8
BRDA:60,5,1,0
BRDA:61,6,0,2
BRDA:61,6,1,6
BRDA:69,7,0,6
BRDA:69,7,1,0
BRDA:71,8,0,6
BRDA:71,8,1,0
BRDA:72,9,0,2
BRDA:72,9,1,4
BRDA:76,10,0,2
BRDA:76,10,1,2
BRDA:86,11,0,0
BRDA:86,11,1,0
BRDA:152,12,0,2
BRDA:152,12,1,68
BRDA:165,13,0,2
BRDA:165,13,1,68
BRDA:168,14,0,2
BRDA:168,14,1,68
BRDA:191,15,0,70
BRDA:191,15,1,8
BRF:29
BRH:23
end_of_record
TN:
SF:src/pages/Login/ResetPasswordPage.tsx
FN:15,validate
FN:30,ResetPasswordPage
FN:35,(anonymous_2)
FN:37,(anonymous_3)
FN:102,(anonymous_4)
FN:144,(anonymous_5)
FN:173,(anonymous_6)
FN:179,(anonymous_7)
FN:179,(anonymous_8)
FN:194,(anonymous_9)
FN:200,(anonymous_10)
FN:200,(anonymous_11)
FNF:12
FNH:8
FNDA:6,validate
FNDA:30,ResetPasswordPage
FNDA:6,(anonymous_2)
FNDA:6,(anonymous_3)
FNDA:6,(anonymous_4)
FNDA:2,(anonymous_5)
FNDA:6,(anonymous_6)
FNDA:0,(anonymous_7)
FNDA:0,(anonymous_8)
FNDA:6,(anonymous_9)
FNDA:0,(anonymous_10)
FNDA:0,(anonymous_11)
DA:16,6
DA:17,6
DA:18,0
DA:19,6
DA:20,2
DA:22,6
DA:23,0
DA:24,6
DA:25,2
DA:27,6
DA:31,30
DA:32,30
DA:35,30
DA:37,30
DA:38,6
DA:40,4
DA:44,30
DA:45,30
DA:46,30
DA:47,30
DA:48,30
DA:49,30
DA:50,30
DA:51,30
DA:77,30
DA:102,28
DA:103,6
DA:104,6
DA:106,6
DA:107,6
DA:108,6
DA:110,2
DA:111,2
DA:112,2
DA:113,2
DA:115,0
DA:116,0
DA:117,0
DA:119,0
DA:122,2
DA:144,2
DA:173,6
DA:179,0
DA:194,6
DA:200,0
LF:45
LH:37
BRDA:17,0,0,0
BRDA:17,0,1,6
BRDA:19,1,0,2
BRDA:22,2,0,0
BRDA:22,2,1,6
BRDA:24,3,0,2
BRDA:38,4,0,4
BRDA:77,5,0,2
BRDA:108,6,0,4
BRDA:115,7,0,0
BRDA:115,7,1,0
BRDA:115,8,0,0
BRDA:115,8,1,0
BRDA:117,9,0,0
BRDA:117,9,1,0
BRDA:132,10,0,2
BRDA:132,10,1,26
BRDA:169,11,0,0
BRDA:169,11,1,26
BRDA:181,12,0,0
BRDA:181,12,1,26
BRDA:183,13,0,0
BRDA:183,13,1,26
BRDA:190,14,0,0
BRDA:190,14,1,26
BRDA:202,15,0,0
BRDA:202,15,1,26
BRDA:204,16,0,0
BRDA:204,16,1,26
BRDA:209,17,0,26
BRF:30
BRH:16
end_of_record
TN:
SF:src/pages/Planes/PlanCard.tsx
FN:27,topBorderClass
FN:38,PlanCard
FN:40,(anonymous_2)
FN:91,(anonymous_3)
FNF:4
FNH:0
FNDA:0,topBorderClass
FNDA:0,PlanCard
FNDA:0,(anonymous_2)
FNDA:0,(anonymous_3)
DA:16,192
DA:28,0
DA:29,0
DA:30,0
DA:31,0
DA:39,0
DA:40,0
DA:92,0
DA:93,0
LF:9
LH:1
BRDA:29,0,0,0
BRDA:30,1,0,0
BRDA:65,2,0,0
BRDA:65,2,1,0
BRDA:97,3,0,0
BRDA:97,3,1,0
BRF:6
BRH:0
end_of_record
TN:
SF:src/pages/Planes/PlanesPage.tsx
FN:6,PlanesPage
FN:9,(anonymous_1)
FN:10,(anonymous_2)
FN:31,(anonymous_3)
FN:41,(anonymous_4)
FN:54,(anonymous_5)
FNF:6
FNH:0
FNDA:0,PlanesPage
FNDA:0,(anonymous_1)
FNDA:0,(anonymous_2)
FNDA:0,(anonymous_3)
FNDA:0,(anonymous_4)
FNDA:0,(anonymous_5)
DA:7,0
DA:9,0
DA:10,0
DA:31,0
DA:42,0
DA:55,0
LF:6
LH:0
BRDA:26,0,0,0
BRDA:39,1,0,0
BRDA:39,1,1,0
BRDA:48,2,0,0
BRDA:48,2,1,0
BRF:5
BRH:0
end_of_record
TN:
SF:src/pages/Proveedores/ProveedorFormModal.tsx
FN:46,(anonymous_0)
FN:52,capacidadLabel
FN:58,formatCuit
FN:99,proveedorToFormValues
FN:117,validate
FN:148,ProveedorFormModal
FN:162,(anonymous_6)
FN:185,(anonymous_7)
FN:187,(anonymous_8)
FN:191,(anonymous_9)
FN:196,(anonymous_10)
FN:197,(anonymous_11)
FN:199,(anonymous_12)
FN:203,(anonymous_13)
FN:217,(anonymous_14)
FN:247,(anonymous_15)
FN:255,(anonymous_16)
FN:309,(anonymous_17)
FN:313,(anonymous_18)
FN:314,(anonymous_19)
FN:347,(anonymous_20)
FN:348,(anonymous_21)
FN:391,(anonymous_22)
FN:392,(anonymous_23)
FN:404,(anonymous_24)
FN:405,(anonymous_25)
FN:434,(anonymous_26)
FN:438,(anonymous_27)
FN:439,(anonymous_28)
FNF:29
FNH:27
FNDA:4608,(anonymous_0)
FNDA:138,capacidadLabel
FNDA:16,formatCuit
FNDA:6,proveedorToFormValues
FNDA:14,validate
FNDA:282,ProveedorFormModal
FNDA:84,(anonymous_6)
FNDA:187,(anonymous_7)
FNDA:2,(anonymous_8)
FNDA:21,(anonymous_9)
FNDA:726,(anonymous_10)
FNDA:30,(anonymous_11)
FNDA:38,(anonymous_12)
FNDA:147,(anonymous_13)
FNDA:14,(anonymous_14)
FNDA:2,(anonymous_15)
FNDA:2,(anonymous_16)
FNDA:588,(anonymous_17)
FNDA:8,(anonymous_18)
FNDA:8,(anonymous_19)
FNDA:14,(anonymous_20)
FNDA:16,(anonymous_21)
FNDA:2,(anonymous_22)
FNDA:2,(anonymous_23)
FNDA:0,(anonymous_24)
FNDA:0,(anonymous_25)
FNDA:441,(anonymous_26)
FNDA:2,(anonymous_27)
FNDA:2,(anonymous_28)
DA:21,192
DA:32,192
DA:38,192
DA:44,192
DA:46,4608
DA:53,138
DA:54,4
DA:55,0
DA:59,16
DA:60,16
DA:61,16
DA:62,14
DA:86,192
DA:100,6
DA:118,14
DA:119,14
DA:120,2
DA:121,14
DA:122,2
DA:123,12
DA:124,2
DA:126,14
DA:127,14
DA:157,282
DA:158,282
DA:159,282
DA:160,282
DA:162,282
DA:163,84
DA:165,36
DA:166,6
DA:167,6
DA:176,30
DA:181,36
DA:182,36
DA:185,282
DA:186,187
DA:187,53
DA:188,2
DA:190,53
DA:191,53
DA:194,282
DA:196,147
DA:197,726
DA:199,38
DA:201,147
DA:203,147
DA:207,147
DA:209,147
DA:217,147
DA:218,14
DA:219,14
DA:220,14
DA:221,14
DA:222,14
DA:224,10
DA:225,10
DA:239,0
DA:241,6
DA:242,6
DA:244,6
DA:246,4
DA:247,2
DA:251,2
DA:254,2
DA:255,2
DA:259,2
DA:262,0
DA:263,0
DA:267,2
DA:271,147
DA:310,588
DA:314,8
DA:348,16
DA:392,2
DA:405,0
DA:435,441
DA:439,2
LF:78
LH:73
BRDA:53,0,0,134
BRDA:54,1,0,4
BRDA:60,2,0,0
BRDA:61,3,0,2
BRDA:104,4,0,6
BRDA:104,4,1,0
BRDA:105,5,0,6
BRDA:105,5,1,0
BRDA:107,6,0,6
BRDA:107,6,1,0
BRDA:108,7,0,6
BRDA:108,7,1,0
BRDA:110,8,0,6
BRDA:110,8,1,0
BRDA:110,9,0,6
BRDA:110,9,1,6
BRDA:119,10,0,2
BRDA:121,11,0,2
BRDA:121,11,1,12
BRDA:123,12,0,2
BRDA:126,13,0,2
BRDA:163,14,0,48
BRDA:165,15,0,6
BRDA:165,15,1,30
BRDA:171,16,0,0
BRDA:171,16,1,6
BRDA:178,17,0,0
BRDA:178,17,1,30
BRDA:186,18,0,134
BRDA:188,19,0,2
BRDA:194,20,0,135
BRDA:207,21,0,147
BRDA:207,21,1,13
BRDA:209,22,0,13
BRDA:209,22,1,134
BRDA:211,23,0,13
BRDA:211,23,1,0
BRDA:222,24,0,4
BRDA:231,25,0,10
BRDA:231,25,1,2
BRDA:232,26,0,10
BRDA:232,26,1,2
BRDA:235,27,0,10
BRDA:235,27,1,2
BRDA:236,28,0,10
BRDA:236,28,1,0
BRDA:237,29,0,10
BRDA:237,29,1,2
BRDA:241,30,0,6
BRDA:244,31,0,4
BRDA:246,32,0,2
BRDA:254,33,0,2
BRDA:282,34,0,11
BRDA:282,34,1,136
BRDA:317,35,0,147
BRDA:317,35,1,441
BRDA:416,36,0,147
BRDA:442,37,0,147
BRDA:442,37,1,294
BRDA:453,38,0,147
BRDA:453,38,1,2
BRDA:477,39,0,11
BRDA:477,39,1,136
BRDA:479,40,0,11
BRDA:479,40,1,125
BRF:65
BRH:55
end_of_record
TN:
SF:src/pages/Proveedores/ProveedoresPage.tsx
FN:52,getInitials
FN:56,capacidadLabel
FN:63,ProveedoresPage
FN:70,(anonymous_3)
FN:71,(anonymous_4)
FN:72,(anonymous_5)
FN:101,(anonymous_6)
FN:102,(anonymous_7)
FN:123,(anonymous_8)
FN:137,(anonymous_9)
FN:143,(anonymous_10)
FN:147,(anonymous_11)
FN:166,(anonymous_12)
FN:194,(anonymous_13)
FN:205,(anonymous_14)
FN:261,(anonymous_15)
FN:280,(anonymous_16)
FN:293,(anonymous_17)
FN:310,(anonymous_18)
FN:321,(anonymous_19)
FN:322,(anonymous_20)
FNF:21
FNH:16
FNDA:520,getInitials
FNDA:260,capacidadLabel
FNDA:181,ProveedoresPage
FNDA:46,(anonymous_3)
FNDA:2,(anonymous_4)
FNDA:2,(anonymous_5)
FNDA:88,(anonymous_6)
FNDA:44,(anonymous_7)
FNDA:30,(anonymous_8)
FNDA:2,(anonymous_9)
FNDA:905,(anonymous_10)
FNDA:2,(anonymous_11)
FNDA:0,(anonymous_12)
FNDA:917,(anonymous_13)
FNDA:260,(anonymous_14)
FNDA:6,(anonymous_15)
FNDA:0,(anonymous_16)
FNDA:0,(anonymous_17)
FNDA:4,(anonymous_18)
FNDA:0,(anonymous_19)
FNDA:0,(anonymous_20)
DA:13,192
DA:15,192
DA:22,192
DA:29,192
DA:36,192
DA:42,192
DA:48,192
DA:50,192
DA:53,520
DA:57,260
DA:58,260
DA:59,129
DA:60,0
DA:64,181
DA:65,181
DA:66,181
DA:70,181
DA:71,46
DA:72,46
DA:75,181
DA:89,181
DA:91,181
DA:93,181
DA:96,181
DA:98,181
DA:99,181
DA:101,181
DA:102,88
DA:106,181
DA:123,30
DA:137,2
DA:144,905
DA:147,2
DA:166,0
DA:195,917
DA:207,260
DA:208,260
DA:261,6
DA:280,0
DA:293,0
DA:310,4
DA:321,0
DA:322,0
LF:43
LH:37
BRDA:57,0,0,0
BRDA:57,1,0,260
BRDA:57,1,1,260
BRDA:58,2,0,131
BRDA:59,3,0,129
BRDA:75,4,0,179
BRDA:75,4,1,2
BRDA:94,5,0,181
BRDA:94,5,1,0
BRDA:106,6,0,0
BRDA:106,6,1,181
BRDA:149,7,0,181
BRDA:149,7,1,724
BRDA:161,8,0,181
BRDA:175,9,0,47
BRDA:175,9,1,134
BRDA:179,10,0,3
BRDA:179,10,1,131
BRDA:207,11,0,260
BRDA:207,11,1,50
BRDA:246,12,0,260
BRDA:246,12,1,0
BRDA:288,13,0,131
BRDA:288,13,1,0
BRDA:294,14,0,131
BRDA:294,14,1,0
BRDA:314,15,0,181
BRDA:314,15,1,6
BRF:28
BRH:22
end_of_record
TN:
SF:src/pages/Usuarios/UsuariosPage.tsx
FN:17,UsuariosPage
FN:49,(anonymous_1)
FN:59,(anonymous_2)
FN:64,(anonymous_3)
FN:83,(anonymous_4)
FN:95,(anonymous_5)
FN:107,(anonymous_6)
FN:128,(anonymous_7)
FN:129,(anonymous_8)
FN:137,(anonymous_9)
FN:151,(anonymous_10)
FN:171,(anonymous_11)
FN:181,(anonymous_12)
FNF:13
FNH:9
FNDA:171,UsuariosPage
FNDA:171,(anonymous_1)
FNDA:6,(anonymous_2)
FNDA:106,(anonymous_3)
FNDA:26,(anonymous_4)
FNDA:2,(anonymous_5)
FNDA:2,(anonymous_6)
FNDA:254,(anonymous_7)
FNDA:0,(anonymous_8)
FNDA:0,(anonymous_9)
FNDA:0,(anonymous_10)
FNDA:4,(anonymous_11)
FNDA:0,(anonymous_12)
DA:34,171
DA:36,171
DA:39,171
DA:40,171
DA:41,171
DA:43,171
DA:44,171
DA:45,171
DA:46,171
DA:49,171
DA:50,171
DA:51,0
DA:55,171
DA:58,171
DA:59,6
DA:62,171
DA:64,106
DA:83,26
DA:95,2
DA:107,2
DA:128,254
DA:129,0
DA:137,0
DA:151,0
DA:171,4
DA:181,0
LF:26
LH:21
BRDA:39,0,0,171
BRDA:39,0,1,0
BRDA:50,1,0,0
BRDA:50,2,0,171
BRDA:50,2,1,6
BRDA:55,3,0,6
BRDA:55,3,1,165
BRDA:58,4,0,6
BRDA:58,4,1,165
BRDA:101,5,0,171
BRDA:101,5,1,165
BRDA:114,6,0,171
BRDA:114,6,1,0
BRDA:120,7,0,44
BRDA:120,7,1,127
BRDA:146,8,0,127
BRDA:146,8,1,0
BRDA:152,9,0,127
BRDA:152,9,1,0
BRF:19
BRH:14
end_of_record
TN:
SF:src/pages/Usuarios/components/EditarUsuarioModal.tsx
FN:25,EditarUsuarioModal
FN:36,(anonymous_1)
FNF:2
FNH:1
FNDA:171,EditarUsuarioModal
FNDA:0,(anonymous_1)
DA:34,171
DA:36,0
DA:37,0
DA:47,0
LF:4
LH:1
BRDA:34,0,0,171
BRDA:70,1,0,0
BRDA:70,1,1,0
BRF:3
BRH:1
end_of_record
TN:
SF:src/pages/Usuarios/components/MatrizPermisos.tsx
FN:41,getPermiso
FN:42,(anonymous_1)
FN:49,getNivel
FN:55,nivelAPermiso
FN:61,MatrizPermisos
FN:67,(anonymous_5)
FN:74,(anonymous_6)
FN:77,(anonymous_7)
FN:97,(anonymous_8)
FN:113,(anonymous_9)
FN:125,(anonymous_10)
FN:131,(anonymous_11)
FN:139,(anonymous_12)
FNF:13
FNH:9
FNDA:1472,getPermiso
FNDA:0,(anonymous_1)
FNDA:1472,getNivel
FNDA:0,nivelAPermiso
FNDA:171,MatrizPermisos
FNDA:276,(anonymous_5)
FNDA:1472,(anonymous_6)
FNDA:0,(anonymous_7)
FNDA:276,(anonymous_8)
FNDA:184,(anonymous_9)
FNDA:736,(anonymous_10)
FNDA:1472,(anonymous_11)
FNDA:0,(anonymous_12)
DA:9,192
DA:24,192
DA:26,192
DA:42,1472
DA:50,1472
DA:51,1472
DA:52,1472
DA:56,0
DA:57,0
DA:58,0
DA:62,171
DA:63,171
DA:67,171
DA:68,276
DA:74,171
DA:75,1472
DA:77,171
DA:78,0
DA:79,0
DA:80,0
DA:81,0
DA:84,171
DA:85,79
DA:98,276
DA:114,184
DA:126,736
DA:132,1472
DA:133,1472
DA:134,1472
DA:139,0
LF:30
LH:22
BRDA:42,0,0,1472
BRDA:42,0,1,1472
BRDA:50,1,0,0
BRDA:51,2,0,0
BRDA:56,3,0,0
BRDA:57,4,0,0
BRDA:63,5,0,171
BRDA:63,5,1,0
BRDA:75,6,0,1472
BRDA:75,6,1,32
BRDA:78,7,0,0
BRDA:84,8,0,79
BRDA:141,9,0,16
BRDA:141,9,1,1456
BRDA:143,10,0,16
BRDA:143,10,1,1456
BRDA:153,11,0,16
BRDA:153,11,1,1456
BRF:18
BRH:12
end_of_record
TN:
SF:src/pages/Usuarios/components/NuevoUsuarioModal.tsx
FN:18,NuevoUsuarioModal
FN:20,(anonymous_1)
FNF:2
FNH:2
FNDA:171,NuevoUsuarioModal
FNDA:8,(anonymous_1)
DA:20,171
DA:21,8
DA:28,0
LF:3
LH:2
BRF:0
BRH:0
end_of_record
TN:
SF:src/pages/Usuarios/components/UsuarioForm.tsx
FN:40,validate
FN:78,UsuarioForm
FN:105,(anonymous_2)
FN:121,(anonymous_3)
FN:139,(anonymous_4)
FN:150,(anonymous_5)
FN:158,(anonymous_6)
FN:167,(anonymous_7)
FN:179,(anonymous_8)
FN:188,(anonymous_9)
FN:195,(anonymous_10)
FNF:11
FNH:11
FNDA:14,validate
FNDA:106,UsuarioForm
FNDA:14,(anonymous_2)
FNDA:2,(anonymous_3)
FNDA:106,(anonymous_4)
FNDA:12,(anonymous_5)
FNDA:12,(anonymous_6)
FNDA:12,(anonymous_7)
FNDA:12,(anonymous_8)
FNDA:318,(anonymous_9)
FNDA:12,(anonymous_10)
DA:48,14
DA:50,14
DA:51,2
DA:54,14
DA:55,2
DA:56,12
DA:57,2
DA:60,14
DA:64,4
DA:67,14
DA:68,2
DA:71,14
DA:72,2
DA:75,14
DA:86,106
DA:88,106
DA:89,106
DA:90,106
DA:91,106
DA:94,106
DA:101,106
DA:102,106
DA:103,106
DA:105,106
DA:106,14
DA:107,14
DA:109,14
DA:110,14
DA:111,14
DA:113,8
DA:114,8
DA:116,6
DA:117,6
DA:119,6
DA:120,4
DA:121,2
DA:125,2
DA:128,2
DA:129,2
DA:133,2
DA:137,106
DA:139,106
DA:150,12
DA:158,12
DA:167,12
DA:179,12
DA:189,318
DA:195,12
LF:48
LH:48
BRDA:50,0,0,2
BRDA:54,1,0,2
BRDA:54,1,1,12
BRDA:56,2,0,2
BRDA:60,3,0,4
BRDA:61,4,0,14
BRDA:61,4,1,14
BRDA:61,4,2,12
BRDA:67,5,0,2
BRDA:71,6,0,2
BRDA:88,7,0,106
BRDA:88,7,1,106
BRDA:89,8,0,106
BRDA:89,8,1,106
BRDA:91,9,0,106
BRDA:91,9,1,106
BRDA:95,10,0,0
BRDA:95,10,1,106
BRDA:97,11,0,0
BRDA:97,11,1,106
BRDA:98,12,0,0
BRDA:98,12,1,0
BRDA:101,13,0,106
BRDA:101,13,1,106
BRDA:111,14,0,6
BRDA:116,15,0,6
BRDA:119,16,0,4
BRDA:120,17,0,2
BRDA:161,18,0,106
BRDA:161,18,1,106
BRDA:199,19,0,106
BRDA:199,19,1,2
BRDA:205,20,0,106
BRDA:211,21,0,0
BRDA:211,21,1,0
BRDA:216,22,0,106
BRDA:216,22,1,4
BRF:37
BRH:31
end_of_record
TN:
SF:src/pages/Usuarios/components/UsuariosTable.tsx
FN:10,getInitials
FN:15,(anonymous_1)
FN:19,EstadoBadge
FN:41,UsuariosTable
FN:69,(anonymous_4)
FN:120,(anonymous_5)
FN:130,(anonymous_6)
FNF:7
FNH:5
FNDA:254,getInitials
FNDA:508,(anonymous_1)
FNDA:254,EstadoBadge
FNDA:127,UsuariosTable
FNDA:254,(anonymous_4)
FNDA:0,(anonymous_5)
FNDA:0,(anonymous_6)
DA:11,254
DA:15,508
DA:20,254
DA:21,127
DA:28,127
DA:42,127
DA:55,127
DA:70,254
DA:120,0
DA:130,0
LF:10
LH:8
BRDA:20,0,0,127
BRDA:31,1,0,127
BRDA:31,1,1,0
BRDA:36,2,0,127
BRDA:36,2,1,0
BRDA:42,3,0,0
BRDA:92,4,0,0
BRDA:92,4,1,254
BRDA:106,5,0,254
BRDA:106,5,1,0
BRDA:117,6,0,254
BRDA:117,6,1,127
BRF:12
BRH:7
end_of_record
TN:
SF:src/services/api.ts
FN:8,(anonymous_0)
FNF:1
FNH:1
FNDA:1211,(anonymous_0)
DA:3,192
DA:8,192
DA:9,1211
DA:11,1211
DA:12,1195
DA:15,1211
LF:6
LH:6
BRDA:4,0,0,192
BRDA:4,0,1,0
BRDA:11,1,0,1195
BRF:3
BRH:2
end_of_record
TN:
SF:src/services/auth.service.ts
FN:11,(anonymous_0)
FN:15,(anonymous_1)
FN:21,(anonymous_2)
FN:24,(anonymous_3)
FN:27,(anonymous_4)
FNF:5
FNH:3
FNDA:10,(anonymous_0)
FNDA:0,(anonymous_1)
FNDA:0,(anonymous_2)
FNDA:4,(anonymous_3)
FNDA:2,(anonymous_4)
DA:10,192
DA:12,10
DA:13,2
DA:16,0
DA:19,0
DA:22,0
DA:25,4
DA:28,2
LF:8
LH:5
BRF:0
BRH:0
end_of_record
TN:
SF:src/services/empresa.service.ts
FN:37,(anonymous_0)
FN:45,(anonymous_1)
FN:51,(anonymous_2)
FN:57,(anonymous_3)
FN:63,(anonymous_4)
FN:69,(anonymous_5)
FNF:6
FNH:4
FNDA:339,(anonymous_0)
FNDA:2,(anonymous_1)
FNDA:12,(anonymous_2)
FNDA:10,(anonymous_3)
FNDA:0,(anonymous_4)
FNDA:0,(anonymous_5)
DA:29,192
DA:38,339
DA:41,324
DA:46,2
DA:47,2
DA:52,12
DA:53,2
DA:58,10
DA:59,1
DA:64,0
DA:65,0
DA:70,0
DA:71,0
LF:13
LH:9
BRF:0
BRH:0
end_of_record
TN:
SF:src/services/planes.service.ts
FN:5,(anonymous_0)
FN:10,(anonymous_1)
FN:15,(anonymous_2)
FN:20,(anonymous_3)
FN:25,(anonymous_4)
FNF:5
FNH:1
FNDA:175,(anonymous_0)
FNDA:0,(anonymous_1)
FNDA:0,(anonymous_2)
FNDA:0,(anonymous_3)
FNDA:0,(anonymous_4)
DA:4,192
DA:6,175
DA:7,57
DA:11,0
DA:12,0
DA:16,0
DA:17,0
DA:21,0
DA:22,0
DA:26,0
LF:10
LH:3
BRF:0
BRH:0
end_of_record
TN:
SF:src/services/proveedores.service.ts
FN:18,(anonymous_0)
FN:29,(anonymous_1)
FN:34,(anonymous_2)
FNF:3
FNH:2
FNDA:214,(anonymous_0)
FNDA:10,(anonymous_1)
FNDA:0,(anonymous_2)
DA:15,192
DA:19,214
DA:26,137
DA:30,10
DA:31,1
DA:35,0
DA:36,0
LF:7
LH:5
BRDA:23,0,0,214
BRDA:23,0,1,2
BRF:2
BRH:2
end_of_record
TN:
SF:src/services/rol.service.ts
FN:4,getRoles
FN:9,updatePermiso
FNF:2
FNH:1
FNDA:40,getRoles
FNDA:0,updatePermiso
DA:5,40
DA:6,36
DA:13,0
DA:14,0
LF:4
LH:2
BRF:0
BRH:0
end_of_record
TN:
SF:src/services/systemConfig.service.ts
FN:5,(anonymous_0)
FNF:1
FNH:1
FNDA:164,(anonymous_0)
DA:4,192
DA:6,164
DA:9,46
LF:3
LH:3
BRF:0
BRH:0
end_of_record
TN:
SF:src/services/usuarios.service.ts
FN:10,(anonymous_0)
FN:21,(anonymous_1)
FN:26,(anonymous_2)
FN:34,(anonymous_3)
FN:39,(anonymous_4)
FN:44,(anonymous_5)
FNF:6
FNH:2
FNDA:221,(anonymous_0)
FNDA:8,(anonymous_1)
FNDA:0,(anonymous_2)
FNDA:0,(anonymous_3)
FNDA:0,(anonymous_4)
FNDA:0,(anonymous_5)
DA:8,192
DA:17,221
DA:18,99
DA:22,8
DA:23,0
DA:30,0
DA:31,0
DA:35,0
DA:36,0
DA:40,0
DA:41,0
DA:45,0
DA:46,0
LF:13
LH:4
BRF:0
BRH:0
end_of_record
